----------------------------------------------------------------
2014-04-05 19:07:17.610 GMT:
 Booting Derby version The Apache Software Foundation - Apache Derby - 10.4.2.0 - (689064): instance a816c00e-0145-3349-ac21-00000217e880
on database directory jar:(/home/x_array/arrayanalysis.dev/pathways/Hs_Derby_20120602.bridge)database in READ ONLY mode 

Database Class Loader started - derby.database.classpath=''
----------------------------------------------------------------
2014-04-05 19:07:19.134 GMT:
 Booting Derby version The Apache Software Foundation - Apache Derby - 10.4.2.0 - (689064): instance 582f8014-0145-3349-ac21-00000217e880
on database directory /tmp/derby25461.tmp/database  

Database Class Loader started - derby.database.classpath=''

2014-04-05 19:07:23.010 GMT:
Shutting down instance 582f8014-0145-3349-ac21-00000217e880
----------------------------------------------------------------
----------------------------------------------------------------
2014-04-05 19:07:23.169 GMT:
 Booting Derby version The Apache Software Foundation - Apache Derby - 10.4.2.0 - (689064): instance 3988c0be-0145-3349-ac21-00000217e880
on database directory jar:(/home/x_array/arrayanalysis.dev/temp/test_limmaResults_2014-04-05_15-07_01_0_Path/test_limmaResults_2014-04-05_15-07_01.txt.pgex)database in READ ONLY mode 

Database Class Loader started - derby.database.classpath=''
----------------------------------------------------------------
2014-04-05 19:08:01.720 GMT:
 Booting Derby version The Apache Software Foundation - Apache Derby - 10.4.2.0 - (689064): instance 13a100c9-0145-3349-ac21-00000217e880
on database directory /tmp/derby93782.tmp/database  

Database Class Loader started - derby.database.classpath=''

2014-04-05 19:08:05.647 GMT:
Shutting down instance 13a100c9-0145-3349-ac21-00000217e880
----------------------------------------------------------------
----------------------------------------------------------------
2014-04-05 19:08:05.824 GMT:
 Booting Derby version The Apache Software Foundation - Apache Derby - 10.4.2.0 - (689064): instance 4aaa4172-0145-3349-ac21-00000217e880
on database directory jar:(/home/x_array/arrayanalysis.dev/temp/test_limmaResults_2014-04-05_15-07_41_0_Path/test_limmaResults_2014-04-05_15-07_41.txt.pgex)database in READ ONLY mode 

Database Class Loader started - derby.database.classpath=''
----------------------------------------------------------------
2014-04-05 19:09:39.396 GMT:
 Booting Derby version The Apache Software Foundation - Apache Derby - 10.4.2.0 - (689064): instance 247b4177-0145-3349-ac21-00000217e880
on database directory /tmp/derby97162.tmp/database  

Database Class Loader started - derby.database.classpath=''

2014-04-05 19:09:40.827 GMT:
Shutting down instance 247b4177-0145-3349-ac21-00000217e880
----------------------------------------------------------------
----------------------------------------------------------------
2014-04-05 19:09:40.886 GMT:
 Booting Derby version The Apache Software Foundation - Apache Derby - 10.4.2.0 - (689064): instance 083c0220-0145-3349-ac21-00000217e880
on database directory jar:(/home/x_array/arrayanalysis.dev/temp/aa-test_2014-04-05_15-09_23_0_Path/aa-test_2014-04-05_15-09_23.txt.pgex)database in READ ONLY mode 

Database Class Loader started - derby.database.classpath=''
----------------------------------------------------------------
2014-04-05 19:11:12.205 GMT:
 Booting Derby version The Apache Software Foundation - Apache Derby - 10.4.2.0 - (689064): instance cc830228-0145-3349-ac21-00000217e880
on database directory /tmp/derby71936.tmp/database  

Database Class Loader started - derby.database.classpath=''

2014-04-05 19:11:14.355 GMT:
Shutting down instance cc830228-0145-3349-ac21-00000217e880
----------------------------------------------------------------
----------------------------------------------------------------
2014-04-05 19:11:14.501 GMT:
 Booting Derby version The Apache Software Foundation - Apache Derby - 10.4.2.0 - (689064): instance 7d7a02d1-0145-3349-ac21-00000217e880
on database directory jar:(/home/x_array/arrayanalysis.dev/temp/test_limmaResults_2014-04-05_15-07_41_1_Path/test_limmaResults_2014-04-05_15-07_41.txt.pgex)database in READ ONLY mode 

Database Class Loader started - derby.database.classpath=''
----------------------------------------------------------------
2014-04-05 19:16:28.008 GMT:
 Booting Derby version The Apache Software Foundation - Apache Derby - 10.4.2.0 - (689064): instance 404c82d5-0145-3349-ac21-00000217e880
on database directory /tmp/derby26374.tmp/database  

Database Class Loader started - derby.database.classpath=''

2014-04-05 19:16:30.223 GMT:
Shutting down instance 404c82d5-0145-3349-ac21-00000217e880
----------------------------------------------------------------
----------------------------------------------------------------
2014-04-05 19:16:30.389 GMT:
 Booting Derby version The Apache Software Foundation - Apache Derby - 10.4.2.0 - (689064): instance add0c37e-0145-3349-ac21-00000217e880
on database directory jar:(/home/x_array/arrayanalysis.dev/temp/test_limmaResults_2014-04-05_15-07_41_2_Path/test_limmaResults_2014-04-05_15-07_41.txt.pgex)database in READ ONLY mode 

Database Class Loader started - derby.database.classpath=''
----------------------------------------------------------------
2014-04-05 19:16:50.097 GMT:
 Booting Derby version The Apache Software Foundation - Apache Derby - 10.4.2.0 - (689064): instance 2a30c383-0145-3349-ac21-00000217e880
on database directory /tmp/derby90332.tmp/database  

Database Class Loader started - derby.database.classpath=''

2014-04-05 19:16:52.274 GMT:
Shutting down instance 2a30c383-0145-3349-ac21-00000217e880
----------------------------------------------------------------
----------------------------------------------------------------
2014-04-05 19:16:52.414 GMT:
 Booting Derby version The Apache Software Foundation - Apache Derby - 10.4.2.0 - (689064): instance c46c842c-0145-3349-ac21-00000217e880
on database directory jar:(/home/x_array/arrayanalysis.dev/temp/test_limmaResults_2014-04-05_15-07_41_3_Path/test_limmaResults_2014-04-05_15-07_41.txt.pgex)database in READ ONLY mode 

Database Class Loader started - derby.database.classpath=''
----------------------------------------------------------------
2014-04-05 19:23:19.820 GMT:
 Booting Derby version The Apache Software Foundation - Apache Derby - 10.4.2.0 - (689064): instance 289a0430-0145-3349-ac21-00000217e880
on database directory /tmp/derby50089.tmp/database  

Database Class Loader started - derby.database.classpath=''

2014-04-05 19:23:21.269 GMT:
Shutting down instance 289a0430-0145-3349-ac21-00000217e880
----------------------------------------------------------------
----------------------------------------------------------------
2014-04-05 19:23:21.368 GMT:
 Booting Derby version The Apache Software Foundation - Apache Derby - 10.4.2.0 - (689064): instance ef6304d9-0145-3349-ac21-00000217e880
on database directory jar:(/home/x_array/arrayanalysis.dev/temp/aa-test_2014-04-05_15-21_30_0_Path/aa-test_2014-04-05_15-21_30.txt.pgex)database in READ ONLY mode 

Database Class Loader started - derby.database.classpath=''
