Starting PathVisioRPC Server...
Server Started successfully on port 7777
Accepting requests ...
Starting PathVisioRPC Server...
Server Started successfully on port 7777
Accepting requests ...
Starting PathVisioRPC Server...
05-Apr-2014 16:15:20 org.apache.xmlrpc.webserver.WebServer log
SEVERE: Address already in use
java.net.BindException: Address already in use
	at java.net.PlainSocketImpl.socketBind(Native Method)
	at java.net.PlainSocketImpl.bind(PlainSocketImpl.java:383)
	at java.net.ServerSocket.bind(ServerSocket.java:328)
	at java.net.ServerSocket.<init>(ServerSocket.java:194)
	at org.apache.xmlrpc.webserver.WebServer.createServerSocket(WebServer.java:162)
	at org.apache.xmlrpc.webserver.WebServer.setupServerSocket(WebServer.java:181)
	at org.apache.xmlrpc.webserver.WebServer.start(WebServer.java:216)
	at org.pathvisio.xmlrpc.RpcServer.startServer(RpcServer.java:58)
	at org.pathvisio.xmlrpc.JavaServer.main(JavaServer.java:45)
JavaServer: java.net.BindException: Address already in use
Starting PathVisioRPC Server...
Server Started successfully on port 7777
Accepting requests ...
Starting PathVisioRPC Server...
05-Apr-2014 16:26:03 org.apache.xmlrpc.webserver.WebServer log
SEVERE: Address already in use
java.net.BindException: Address already in use
	at java.net.PlainSocketImpl.socketBind(Native Method)
	at java.net.PlainSocketImpl.bind(PlainSocketImpl.java:383)
	at java.net.ServerSocket.bind(ServerSocket.java:328)
	at java.net.ServerSocket.<init>(ServerSocket.java:194)
	at org.apache.xmlrpc.webserver.WebServer.createServerSocket(WebServer.java:162)
	at org.apache.xmlrpc.webserver.WebServer.setupServerSocket(WebServer.java:181)
	at org.apache.xmlrpc.webserver.WebServer.start(WebServer.java:216)
	at org.pathvisio.xmlrpc.RpcServer.startServer(RpcServer.java:58)
	at org.pathvisio.xmlrpc.JavaServer.main(JavaServer.java:45)
JavaServer: java.net.BindException: Address already in use
